============================================================
  Generated by:           Genus(TM) Synthesis Solution GENUS15.20 - 15.20-p004_1
  Generated on:           May 12 2024  10:13:01 am
  Module:                 synth_wrapper
  Interconnect mode:      global
  Area mode:              timing library
============================================================

Timing
--------

Clock Period 
-------------
clk   1163.0 


  Cost    Critical       Violating 
 Group   Path Slack TNS    Paths   
-----------------------------------
default         0.1   0          0 
-----------------------------------
Total                 0          0 

Instance Count
--------------
Leaf Instance Count             198 
Sequential Instance Count        21 
Combinational Instance Count    177 
Hierarchical Instance Count       1 

Area
----
Cell Area                          1493.933
Physical Cell Area                 0.000
Total Cell Area (Cell+Physical)    1493.933
Net Area                           983.750
Total Area (Cell+Physical+Net)     2477.683

Max Fanout                         21 (clk)
Min Fanout                         1 (carry_reg_48)
Average Fanout                     2.0
Terms to net ratio                 2.9
Terms to instance ratio            3.1
Runtime                            54.661 seconds
Elapsed Runtime                    70 seconds
RC peak memory usage:              444.82 
EDI peak memory usage:             no_value 
Hostname                           centos7
