============================================================
  Generated by:           Genus(TM) Synthesis Solution GENUS15.20 - 15.20-p004_1
  Generated on:           May 12 2024  10:13:01 am
  Module:                 synth_wrapper
  Interconnect mode:      global
  Area mode:              timing library
============================================================

                                               
           Gate            Instances    Area                Library             
--------------------------------------------------------------------------------
sky130_fd_sc_hd__a211o_1           1     8.758    sky130_fd_sc_hd__tt_025C_1v80 
sky130_fd_sc_hd__a21o_1            3    22.522    sky130_fd_sc_hd__tt_025C_1v80 
sky130_fd_sc_hd__a21oi_1           2    10.010    sky130_fd_sc_hd__tt_025C_1v80 
sky130_fd_sc_hd__a21oi_2           2    17.517    sky130_fd_sc_hd__tt_025C_1v80 
sky130_fd_sc_hd__and2_1            1     6.256    sky130_fd_sc_hd__tt_025C_1v80 
sky130_fd_sc_hd__and2b_1           1     7.507    sky130_fd_sc_hd__tt_025C_1v80 
sky130_fd_sc_hd__buf_1             6    22.522    sky130_fd_sc_hd__tt_025C_1v80 
sky130_fd_sc_hd__buf_2             1     5.005    sky130_fd_sc_hd__tt_025C_1v80 
sky130_fd_sc_hd__buf_6             1    11.261    sky130_fd_sc_hd__tt_025C_1v80 
sky130_fd_sc_hd__clkbuf_1          1     3.754    sky130_fd_sc_hd__tt_025C_1v80 
sky130_fd_sc_hd__clkbuf_2          2    10.010    sky130_fd_sc_hd__tt_025C_1v80 
sky130_fd_sc_hd__clkinv_1          4    15.014    sky130_fd_sc_hd__tt_025C_1v80 
sky130_fd_sc_hd__clkinv_2          2    10.010    sky130_fd_sc_hd__tt_025C_1v80 
sky130_fd_sc_hd__clkinv_4          1     8.758    sky130_fd_sc_hd__tt_025C_1v80 
sky130_fd_sc_hd__dfrtp_1          15   375.360    sky130_fd_sc_hd__tt_025C_1v80 
sky130_fd_sc_hd__dfrtp_2           6   157.651    sky130_fd_sc_hd__tt_025C_1v80 
sky130_fd_sc_hd__inv_1             7    26.275    sky130_fd_sc_hd__tt_025C_1v80 
sky130_fd_sc_hd__inv_2            26    97.594    sky130_fd_sc_hd__tt_025C_1v80 
sky130_fd_sc_hd__inv_4             5    31.280    sky130_fd_sc_hd__tt_025C_1v80 
sky130_fd_sc_hd__nand2_1          41   153.898    sky130_fd_sc_hd__tt_025C_1v80 
sky130_fd_sc_hd__nand2_2          17   106.352    sky130_fd_sc_hd__tt_025C_1v80 
sky130_fd_sc_hd__nand2_4           2    22.522    sky130_fd_sc_hd__tt_025C_1v80 
sky130_fd_sc_hd__nand2b_1          6    37.536    sky130_fd_sc_hd__tt_025C_1v80 
sky130_fd_sc_hd__nand3_1           3    15.014    sky130_fd_sc_hd__tt_025C_1v80 
sky130_fd_sc_hd__nand3_2           8    80.077    sky130_fd_sc_hd__tt_025C_1v80 
sky130_fd_sc_hd__nand3b_1          3    22.522    sky130_fd_sc_hd__tt_025C_1v80 
sky130_fd_sc_hd__nand3b_4          1    20.019    sky130_fd_sc_hd__tt_025C_1v80 
sky130_fd_sc_hd__nand4_1           5    31.280    sky130_fd_sc_hd__tt_025C_1v80 
sky130_fd_sc_hd__nand4b_1          1     8.758    sky130_fd_sc_hd__tt_025C_1v80 
sky130_fd_sc_hd__nor2_1            1     3.754    sky130_fd_sc_hd__tt_025C_1v80 
sky130_fd_sc_hd__nor2_2            6    37.536    sky130_fd_sc_hd__tt_025C_1v80 
sky130_fd_sc_hd__o21a_1            3    22.522    sky130_fd_sc_hd__tt_025C_1v80 
sky130_fd_sc_hd__o21ai_1          12    60.058    sky130_fd_sc_hd__tt_025C_1v80 
sky130_fd_sc_hd__xnor2_2           1    16.266    sky130_fd_sc_hd__tt_025C_1v80 
sky130_fd_sc_hd__xor2_1            1     8.758    sky130_fd_sc_hd__tt_025C_1v80 
--------------------------------------------------------------------------------
total                            198  1493.933                                  


                                     
   Type    Instances   Area   Area % 
-------------------------------------
sequential        21  533.011   35.7 
inverter          45  188.931   12.6 
buffer            11   52.550    3.5 
logic            121  719.440   48.2 
-------------------------------------
total            198 1493.933  100.0 

