============================================================
  Generated by:           Genus(TM) Synthesis Solution GENUS15.20 - 15.20-p004_1
  Generated on:           May 12 2024  07:19:07 am
  Module:                 synth_wrapper
  Interconnect mode:      global
  Area mode:              timing library
============================================================

Timing
--------

Clock Period 
-------------
clk    862.0 


  Cost    Critical       Violating 
 Group   Path Slack TNS    Paths   
-----------------------------------
default         0.8   0          0 
-----------------------------------
Total                 0          0 

Instance Count
--------------
Leaf Instance Count             32 
Sequential Instance Count        9 
Combinational Instance Count    23 
Hierarchical Instance Count      1 

Area
----
Cell Area                          364.099
Physical Cell Area                 0.000
Total Cell Area (Cell+Physical)    364.099
Net Area                           158.288
Total Area (Cell+Physical+Net)     522.387

Max Fanout                         9 (clk)
Min Fanout                         1 (sel)
Average Fanout                     2.3
Terms to net ratio                 3.1
Terms to instance ratio            3.3
Runtime                            44.972 seconds
Elapsed Runtime                    291 seconds
RC peak memory usage:              440.82 
EDI peak memory usage:             no_value 
Hostname                           centos7
