============================================================
  Generated by:           Genus(TM) Synthesis Solution GENUS15.20 - 15.20-p004_1
  Generated on:           May 12 2024  07:19:07 am
  Module:                 synth_wrapper
  Interconnect mode:      global
  Area mode:              timing library
============================================================

                                               
           Gate             Instances   Area                Library             
--------------------------------------------------------------------------------
sky130_fd_sc_hd__buf_2              1    5.005    sky130_fd_sc_hd__tt_025C_1v80 
sky130_fd_sc_hd__clkbuf_2           1    5.005    sky130_fd_sc_hd__tt_025C_1v80 
sky130_fd_sc_hd__clkinv_2           1    5.005    sky130_fd_sc_hd__tt_025C_1v80 
sky130_fd_sc_hd__clkinv_4           1    8.758    sky130_fd_sc_hd__tt_025C_1v80 
sky130_fd_sc_hd__dfrtp_1            5  125.120    sky130_fd_sc_hd__tt_025C_1v80 
sky130_fd_sc_hd__dfrtp_2            4  105.101    sky130_fd_sc_hd__tt_025C_1v80 
sky130_fd_sc_hd__inv_1              1    3.754    sky130_fd_sc_hd__tt_025C_1v80 
sky130_fd_sc_hd__inv_2              4   15.014    sky130_fd_sc_hd__tt_025C_1v80 
sky130_fd_sc_hd__nand2_1            6   22.522    sky130_fd_sc_hd__tt_025C_1v80 
sky130_fd_sc_hd__nand2_2            1    6.256    sky130_fd_sc_hd__tt_025C_1v80 
sky130_fd_sc_hd__nand3_1            2   10.010    sky130_fd_sc_hd__tt_025C_1v80 
sky130_fd_sc_hd__nand3_2            1   10.010    sky130_fd_sc_hd__tt_025C_1v80 
sky130_fd_sc_hd__nand4_1            1    6.256    sky130_fd_sc_hd__tt_025C_1v80 
sky130_fd_sc_hd__nand4_2            1   12.512    sky130_fd_sc_hd__tt_025C_1v80 
sky130_fd_sc_hd__o2bb2ai_1          1    8.758    sky130_fd_sc_hd__tt_025C_1v80 
sky130_fd_sc_hd__o2bb2ai_2          1   15.014    sky130_fd_sc_hd__tt_025C_1v80 
--------------------------------------------------------------------------------
total                              32  364.099                                  


                                    
   Type    Instances   Area  Area % 
------------------------------------
sequential         9 230.221   63.2 
inverter           7  32.531    8.9 
buffer             2  10.010    2.7 
logic             14  91.338   25.1 
------------------------------------
total             32 364.099  100.0 

